[22:42:37] [main/INFO]: Environment: authHost='https://authserver.mojang.com', accountsHost='https://api.mojang.com', sessionHost='https://sessionserver.mojang.com', name='PROD'
[22:42:38] [main/WARN]: Ambiguity between arguments [teleport, destination] and [teleport, targets] with inputs: [Player, 0123, @e, dd12be42-52a9-4a91-a8a1-11c01849e498]
[22:42:38] [main/WARN]: Ambiguity between arguments [teleport, location] and [teleport, destination] with inputs: [0.1 -0.5 .9, 0 0 0]
[22:42:38] [main/WARN]: Ambiguity between arguments [teleport, location] and [teleport, targets] with inputs: [0.1 -0.5 .9, 0 0 0]
[22:42:38] [main/WARN]: Ambiguity between arguments [teleport, targets] and [teleport, destination] with inputs: [Player, 0123, dd12be42-52a9-4a91-a8a1-11c01849e498]
[22:42:38] [main/WARN]: Ambiguity between arguments [teleport, targets, location] and [teleport, targets, destination] with inputs: [0.1 -0.5 .9, 0 0 0]
[22:42:38] [main/INFO]: Reloading ResourceManager: Default
[22:42:39] [Worker-Main-14/INFO]: Loaded 7 recipes
[22:42:39] [Worker-Main-14/INFO]: Loaded 927 advancements
[22:42:42] [Server thread/INFO]: Starting minecraft server version 1.16.1
[22:42:42] [Server thread/INFO]: Loading properties
[22:42:42] [Server thread/INFO]: Default game type: SURVIVAL
[22:42:42] [Server thread/INFO]: Generating keypair
[22:42:42] [Server thread/INFO]: Starting Minecraft server on *:25565
[22:42:42] [Server thread/INFO]: Using default channel type
[22:42:44] [Server thread/INFO]: Preparing level "world"
[22:42:45] [Server thread/INFO]: Preparing start region for dimension minecraft:overworld
[22:42:48] [Server thread/INFO]: Preparing spawn area: 0%
[22:42:48] [Server thread/INFO]: Preparing spawn area: 0%
[22:42:48] [Server thread/INFO]: Preparing spawn area: 0%
[22:42:48] [Server thread/INFO]: Preparing spawn area: 0%
[22:42:48] [Server thread/INFO]: Preparing spawn area: 0%
[22:42:48] [Server thread/INFO]: Preparing spawn area: 0%
[22:42:49] [Server thread/INFO]: Preparing spawn area: 47%
[22:42:55] [Worker-Main-8/INFO]: Preparing spawn area: 83%
[22:42:55] [Worker-Main-15/INFO]: Preparing spawn area: 83%
[22:42:55] [Worker-Main-15/INFO]: Preparing spawn area: 83%
[22:42:55] [Worker-Main-15/INFO]: Preparing spawn area: 83%
[22:42:55] [Worker-Main-15/INFO]: Preparing spawn area: 83%
[22:42:55] [Worker-Main-15/INFO]: Preparing spawn area: 83%
[22:42:55] [Worker-Main-15/INFO]: Preparing spawn area: 83%
[22:42:55] [Worker-Main-15/INFO]: Preparing spawn area: 83%
[22:42:55] [Worker-Main-15/INFO]: Preparing spawn area: 83%
[22:42:55] [Worker-Main-15/INFO]: Preparing spawn area: 83%
[22:42:55] [Worker-Main-15/INFO]: Preparing spawn area: 83%
[22:42:55] [Worker-Main-15/INFO]: Preparing spawn area: 83%
[22:42:55] [Worker-Main-15/INFO]: Preparing spawn area: 83%
[22:42:56] [Worker-Main-9/INFO]: Preparing spawn area: 83%
[22:42:56] [Worker-Main-9/INFO]: Preparing spawn area: 83%
[22:42:57] [Worker-Main-10/INFO]: Preparing spawn area: 83%
[22:42:57] [Worker-Main-8/INFO]: Preparing spawn area: 83%
[22:42:58] [Worker-Main-8/INFO]: Preparing spawn area: 83%
[22:42:58] [Worker-Main-12/INFO]: Preparing spawn area: 83%
[22:42:59] [Worker-Main-11/INFO]: Preparing spawn area: 83%
[22:42:59] [Worker-Main-9/INFO]: Preparing spawn area: 84%
[22:43:00] [Worker-Main-8/INFO]: Preparing spawn area: 88%
[22:43:00] [Worker-Main-12/INFO]: Preparing spawn area: 90%
[22:43:01] [Worker-Main-10/INFO]: Preparing spawn area: 94%
[22:43:01] [Server thread/INFO]: Preparing spawn area: 94%
[22:43:01] [Server thread/INFO]: Time elapsed: 15981 ms
[22:43:01] [Server thread/INFO]: Done (17.936s)! For help, type "help"
