[22:50:56] [main/INFO]: Environment: authHost='https://authserver.mojang.com', accountsHost='https://api.mojang.com', sessionHost='https://sessionserver.mojang.com', name='PROD'
[22:50:57] [main/WARN]: Ambiguity between arguments [teleport, destination] and [teleport, targets] with inputs: [Player, 0123, @e, dd12be42-52a9-4a91-a8a1-11c01849e498]
[22:50:57] [main/WARN]: Ambiguity between arguments [teleport, location] and [teleport, destination] with inputs: [0.1 -0.5 .9, 0 0 0]
[22:50:57] [main/WARN]: Ambiguity between arguments [teleport, location] and [teleport, targets] with inputs: [0.1 -0.5 .9, 0 0 0]
[22:50:57] [main/WARN]: Ambiguity between arguments [teleport, targets] and [teleport, destination] with inputs: [Player, 0123, dd12be42-52a9-4a91-a8a1-11c01849e498]
[22:50:57] [main/WARN]: Ambiguity between arguments [teleport, targets, location] and [teleport, targets, destination] with inputs: [0.1 -0.5 .9, 0 0 0]
[22:50:57] [main/INFO]: Reloading ResourceManager: Default
[22:50:58] [Worker-Main-14/INFO]: Loaded 7 recipes
[22:50:59] [Worker-Main-14/INFO]: Loaded 927 advancements
[22:51:01] [Server thread/INFO]: Starting minecraft server version 1.16.1
[22:51:01] [Server thread/INFO]: Loading properties
[22:51:01] [Server thread/INFO]: Default game type: SURVIVAL
[22:51:01] [Server thread/INFO]: Generating keypair
[22:51:01] [Server thread/INFO]: Starting Minecraft server on *:25565
[22:51:01] [Server thread/INFO]: Using default channel type
[22:51:02] [Server thread/INFO]: Preparing level "world"
[22:51:04] [Server thread/INFO]: Preparing start region for dimension minecraft:overworld
[22:51:06] [Server thread/INFO]: Preparing spawn area: 0%
[22:51:06] [Server thread/INFO]: Preparing spawn area: 0%
[22:51:06] [Server thread/INFO]: Preparing spawn area: 0%
[22:51:06] [Server thread/INFO]: Preparing spawn area: 0%
[22:51:06] [Server thread/INFO]: Preparing spawn area: 0%
[22:51:06] [Server thread/INFO]: Preparing spawn area: 2%
[22:51:07] [Server thread/INFO]: Preparing spawn area: 3%
[22:51:14] [Worker-Main-12/INFO]: Preparing spawn area: 83%
[22:51:14] [Worker-Main-12/INFO]: Preparing spawn area: 83%
[22:51:14] [Worker-Main-11/INFO]: Preparing spawn area: 83%
[22:51:14] [Worker-Main-11/INFO]: Preparing spawn area: 83%
[22:51:14] [Worker-Main-11/INFO]: Preparing spawn area: 83%
[22:51:14] [Worker-Main-11/INFO]: Preparing spawn area: 83%
[22:51:14] [Worker-Main-11/INFO]: Preparing spawn area: 83%
[22:51:14] [Worker-Main-11/INFO]: Preparing spawn area: 83%
[22:51:14] [Worker-Main-11/INFO]: Preparing spawn area: 83%
[22:51:14] [Worker-Main-11/INFO]: Preparing spawn area: 83%
[22:51:14] [Worker-Main-11/INFO]: Preparing spawn area: 83%
[22:51:14] [Worker-Main-11/INFO]: Preparing spawn area: 83%
[22:51:14] [Worker-Main-11/INFO]: Preparing spawn area: 83%
[22:51:14] [Worker-Main-11/INFO]: Preparing spawn area: 83%
[22:51:14] [Worker-Main-9/INFO]: Preparing spawn area: 83%
[22:51:15] [Worker-Main-10/INFO]: Preparing spawn area: 83%
[22:51:15] [Worker-Main-9/INFO]: Preparing spawn area: 83%
[22:51:16] [Worker-Main-13/INFO]: Preparing spawn area: 83%
[22:51:16] [Worker-Main-10/INFO]: Preparing spawn area: 83%
[22:51:17] [Worker-Main-15/INFO]: Preparing spawn area: 83%
[22:51:17] [Worker-Main-12/INFO]: Preparing spawn area: 83%
