[00:37:21] [main/INFO]: Environment: authHost='https://authserver.mojang.com', accountsHost='https://api.mojang.com', sessionHost='https://sessionserver.mojang.com', name='PROD'
[00:37:22] [main/WARN]: Ambiguity between arguments [teleport, destination] and [teleport, targets] with inputs: [Player, 0123, @e, dd12be42-52a9-4a91-a8a1-11c01849e498]
[00:37:22] [main/WARN]: Ambiguity between arguments [teleport, location] and [teleport, destination] with inputs: [0.1 -0.5 .9, 0 0 0]
[00:37:22] [main/WARN]: Ambiguity between arguments [teleport, location] and [teleport, targets] with inputs: [0.1 -0.5 .9, 0 0 0]
[00:37:22] [main/WARN]: Ambiguity between arguments [teleport, targets] and [teleport, destination] with inputs: [Player, 0123, dd12be42-52a9-4a91-a8a1-11c01849e498]
[00:37:22] [main/WARN]: Ambiguity between arguments [teleport, targets, location] and [teleport, targets, destination] with inputs: [0.1 -0.5 .9, 0 0 0]
[00:37:22] [main/INFO]: Reloading ResourceManager: Default
[00:37:23] [Worker-Main-13/INFO]: Loaded 7 recipes
[00:37:24] [Worker-Main-13/INFO]: Loaded 927 advancements
[00:37:25] [Server thread/INFO]: Starting minecraft server version 1.16.1
[00:37:25] [Server thread/INFO]: Loading properties
[00:37:25] [Server thread/INFO]: Default game type: SURVIVAL
[00:37:25] [Server thread/INFO]: Generating keypair
[00:37:26] [Server thread/INFO]: Starting Minecraft server on *:25565
[00:37:26] [Server thread/INFO]: Using default channel type
[00:37:27] [Server thread/INFO]: Preparing level "world"
[00:37:28] [Server thread/INFO]: Preparing start region for dimension minecraft:overworld
[00:37:30] [Server thread/INFO]: Preparing spawn area: 0%
[00:37:30] [Server thread/INFO]: Preparing spawn area: 0%
[00:37:30] [Server thread/INFO]: Preparing spawn area: 0%
[00:37:30] [Server thread/INFO]: Preparing spawn area: 0%
[00:37:30] [Server thread/INFO]: Preparing spawn area: 0%
[00:37:31] [Server thread/INFO]: Preparing spawn area: 67%
[00:37:36] [Worker-Main-9/INFO]: Preparing spawn area: 83%
[00:37:36] [Worker-Main-14/INFO]: Preparing spawn area: 83%
[00:37:36] [Worker-Main-14/INFO]: Preparing spawn area: 83%
[00:37:36] [Worker-Main-14/INFO]: Preparing spawn area: 83%
[00:37:36] [Worker-Main-14/INFO]: Preparing spawn area: 83%
[00:37:36] [Worker-Main-14/INFO]: Preparing spawn area: 83%
[00:37:36] [Worker-Main-14/INFO]: Preparing spawn area: 83%
[00:37:36] [Worker-Main-14/INFO]: Preparing spawn area: 83%
[00:37:36] [Worker-Main-14/INFO]: Preparing spawn area: 83%
[00:37:36] [Worker-Main-14/INFO]: Preparing spawn area: 83%
[00:37:36] [Worker-Main-14/INFO]: Preparing spawn area: 83%
[00:37:37] [Worker-Main-9/INFO]: Preparing spawn area: 83%
[00:37:37] [Worker-Main-12/INFO]: Preparing spawn area: 83%
[00:37:38] [Worker-Main-12/INFO]: Preparing spawn area: 83%
[00:37:38] [Worker-Main-11/INFO]: Preparing spawn area: 83%
[00:37:39] [Worker-Main-9/INFO]: Preparing spawn area: 83%
[00:37:39] [Worker-Main-11/INFO]: Preparing spawn area: 83%
[00:37:40] [Worker-Main-8/INFO]: Preparing spawn area: 83%
[00:37:40] [Worker-Main-11/INFO]: Preparing spawn area: 83%
[00:37:41] [Worker-Main-14/INFO]: Preparing spawn area: 86%
[00:37:41] [Worker-Main-10/INFO]: Preparing spawn area: 90%
[00:37:42] [Server thread/INFO]: Preparing spawn area: 93%
[00:37:42] [Server thread/INFO]: Time elapsed: 14074 ms
[00:37:42] [Server thread/INFO]: Done (15.562s)! For help, type "help"
[00:39:14] [Server thread/INFO]: Stopping the server
[00:39:14] [Server thread/INFO]: Stopping server
[00:39:14] [Server thread/INFO]: Saving players
[00:39:14] [Server thread/INFO]: Saving worlds
[00:39:14] [Server thread/INFO]: Saving chunks for level 'ServerLevel[world]'/minecraft:overworld
[00:39:15] [Server thread/INFO]: ThreadedAnvilChunkStorage (world): All chunks are saved
[00:39:15] [Server thread/INFO]: Saving chunks for level 'ServerLevel[world]'/minecraft:the_nether
[00:39:15] [Server thread/INFO]: ThreadedAnvilChunkStorage (DIM-1): All chunks are saved
[00:39:15] [Server thread/INFO]: Saving chunks for level 'ServerLevel[world]'/minecraft:the_end
[00:39:15] [Server thread/INFO]: ThreadedAnvilChunkStorage (DIM1): All chunks are saved
[00:39:15] [Server thread/INFO]: ThreadedAnvilChunkStorage (world): All chunks are saved
[00:39:15] [Server thread/INFO]: ThreadedAnvilChunkStorage (DIM-1): All chunks are saved
[00:39:15] [Server thread/INFO]: ThreadedAnvilChunkStorage (DIM1): All chunks are saved
